============================= test session starts =============================
platform win32 -- Python 3.12.10, pytest-8.4.2, pluggy-1.6.0
rootdir: C:\Users\Administrator\Desktop\д�����ϻ���\PlotPilot-Pluginized-worktrees\PPA-NW-P5-Story-State-Runtime-G3
configfile: pytest.ini
plugins: asyncio-0.26.0, anyio-4.14.2
asyncio: mode=Mode.AUTO, asyncio_default_fixture_loop_scope=None, asyncio_default_test_loop_scope=function
collected 42 items

tests\p5-planning\story-state-runtime\test_payload_and_retry.py ........ [ 19%]
..                                                                       [ 23%]
tests\p5-planning\story-state-runtime\test_projection.py .....           [ 35%]
tests\p5-planning\story-state-runtime\test_runtime.py ........           [ 54%]
tests\p5-planning\test_planning_slice.py ...................             [100%]

============================= 42 passed in 0.88s ==============================
EXIT_CODE=0
