============================= test session starts =============================
platform win32 -- Python 3.12.10, pytest-8.4.2, pluggy-1.6.0
rootdir: C:\Users\Administrator\Desktop\写作资料汇总\PlotPilot-Pluginized-worktrees\PPA-06B-Export-Quality
configfile: pytest.ini
plugins: asyncio-0.26.0, anyio-4.14.2
asyncio: mode=Mode.AUTO, asyncio_default_fixture_loop_scope=None, asyncio_default_test_loop_scope=function
collected 12 items

tests\p6-writing\p6b-export-quality\test_export_ports.py ........        [ 66%]
tests\p6-writing\p6b-export-quality\test_quality_bundles.py ....         [100%]

============================= 12 passed in 0.56s ==============================
