============================= test session starts =============================
platform win32 -- Python 3.12.10, pytest-8.4.2, pluggy-1.6.0
rootdir: C:\Users\Administrator\Desktop\д�����ϻ���\PlotPilot-Pluginized-worktrees\PPA-NW-P2-Lifecycle
configfile: pytest.ini
plugins: asyncio-0.26.0, anyio-4.14.2
asyncio: mode=Mode.AUTO, asyncio_default_fixture_loop_scope=None, asyncio_default_test_loop_scope=function
collected 62 items

tests\p2-plugin-platform\lifecycle\test_install_and_retirement.py ....   [  6%]
tests\p2-plugin-platform\lifecycle\test_repository_reconciliation.py ... [ 11%]
..................                                                       [ 40%]
tests\p2-plugin-platform\lifecycle\test_shadow_plan_settings.py .....    [ 48%]
tests\p2-plugin-platform\test_generation_settings.py .....               [ 56%]
tests\p2-plugin-platform\test_install_package.py ...                     [ 61%]
tests\p2-plugin-platform\test_package_backend_remediation.py ........... [ 79%]
.........                                                                [ 93%]
tests\p2-plugin-platform\test_prompt_skill_runtime.py ....               [100%]

============================= 62 passed in 1.49s ==============================
EXIT_CODE=0
