============================= test session starts =============================
platform win32 -- Python 3.12.10, pytest-8.4.2, pluggy-1.6.0
rootdir: C:\Users\Administrator\Desktop\д�����ϻ���\PlotPilot-Pluginized-worktrees\PPA-NW-P2-Lifecycle
configfile: pytest.ini
plugins: asyncio-0.26.0, anyio-4.14.2
asyncio: mode=Mode.AUTO, asyncio_default_fixture_loop_scope=None, asyncio_default_test_loop_scope=function
collected 80 items

tests\p2-plugin-platform\lifecycle\test_install_and_retirement.py ...... [  7%]
.....                                                                    [ 13%]
tests\p2-plugin-platform\lifecycle\test_repository_reconciliation.py ... [ 17%]
......................                                                   [ 45%]
tests\p2-plugin-platform\lifecycle\test_shadow_plan_settings.py ........ [ 55%]
....                                                                     [ 60%]
tests\p2-plugin-platform\test_generation_settings.py .....               [ 66%]
tests\p2-plugin-platform\test_install_package.py ...                     [ 70%]
tests\p2-plugin-platform\test_package_backend_remediation.py ........... [ 83%]
.........                                                                [ 95%]
tests\p2-plugin-platform\test_prompt_skill_runtime.py ....               [100%]

============================= 80 passed in 2.12s ==============================
