============================= test session starts =============================
platform win32 -- Python 3.12.10, pytest-8.4.2, pluggy-1.6.0
rootdir: C:\Users\Administrator\Desktop\д�����ϻ���\PlotPilot-Pluginized
configfile: pytest.ini
plugins: asyncio-0.26.0, anyio-4.14.2
asyncio: mode=Mode.AUTO, asyncio_default_fixture_loop_scope=None, asyncio_default_test_loop_scope=function
collected 19 items

tests\p5-planning\test_planning_slice.py ...................             [100%]

============================= 19 passed in 0.37s ==============================
