============================= test session starts =============================
platform win32 -- Python 3.12.13, pytest-8.4.2, pluggy-1.6.0
rootdir: C:\Users\Administrator\Desktop\д�����ϻ���\PlotPilot-Pluginized-worktrees\PPA-NW-P5-Planner-Runtime
configfile: pytest.ini
plugins: anyio-4.14.2, asyncio-0.26.0
asyncio: mode=Mode.AUTO, asyncio_default_fixture_loop_scope=None, asyncio_default_test_loop_scope=function
collected 22 items

tests\p5-planning\planner-runtime\test_runtime.py ...................... [100%]

============================= 22 passed in 0.79s ==============================
exit_code=0
